-- Model 0 YBCOAGHF_650mT_BaseTemp
.probe
  .Aguide = Parameter(270, name='Aguide YBCOAGHF_650mT_BaseTemp')
  .H = Parameter(0, name='H YBCOAGHF_650mT_BaseTemp')
  .mm
    .back_absorption = Parameter(1, name='back_absorption YBCOAGHF_650mT_BaseTemp')
    .background = Parameter(0, name='background YBCOAGHF_650mT_BaseTemp')
    .intensity = Parameter(0.541571, name='intensity YBCOAGHF_650mT_BaseTemp', bounds=(0.01,1.2))
    .theta_offset = Parameter(-0.00999987, name='theta_offset YBCOAGHF_650mT_BaseTemp', bounds=(-0.01,0.01))
  .mp = None
  .pm = None
  .pp
    .back_absorption = Parameter(1, name='back_absorption YBCOAGHF_650mT_BaseTemp')
    .background = Parameter(0, name='background YBCOAGHF_650mT_BaseTemp')
    .intensity = Parameter(0.541571, name='intensity YBCOAGHF_650mT_BaseTemp', bounds=(0.01,1.2))
    .theta_offset = Parameter(-0.00999987, name='theta_offset YBCOAGHF_650mT_BaseTemp', bounds=(-0.01,0.01))
.sample
  .layers
    [0]
      .interface = Parameter(29.9999, name='STO interface', bounds=(1,30))
      .material
        .irho = Parameter(0, name='STO irho')
        .rho = Parameter(3.325, name='STO rho')
      .thickness = Parameter(100, name='STO thickness')
    [1]
      .interface = Parameter(26.6469, name='YBCO1 interface', bounds=(5,50))
      .magnetism
        .dead_above = Parameter(0, name='YBCO1 deadM above')
        .dead_below = Parameter(192.817, name='YBCO1 deadM below', bounds=(0,1950))
        .interface_above = None
        .interface_below = Parameter(26.6469, name='YBCO1 interface', bounds=(5,50))
        .rhoM = Parameter(-0.00478499, name='YBCO1 rhoM', bounds=(-0.3,0))
        .thetaM = Parameter(270, name='YBCO1 thetaM')
      .material
        .irho = Parameter(0, name='YBCO1 irho')
        .rho = Parameter(4.64952, name='YBCO1 rho', bounds=(2,5))
      .thickness = Parameter(919.291, name='YBCO1 thickness', bounds=(750,1250))
    [2]
      .interface = Parameter(246.308, name='Cap interface', bounds=(1,300))
      .material
        .irho = Parameter(0, name='Cap irho')
        .rho = Parameter(0.968512, name='Cap rho', bounds=(0,1.5))
      .thickness = Parameter(51.7114, name='Cap thickness', bounds=(1,300))
    [3]
      .interface = Parameter(0, name='air interface')
      .material = None
      .thickness = Parameter(0, name='air thickness')
  .thickness = stack thickness:1071

[chisq=3.17(17), nllf=117.227]
[overall chisq=3.72(20), nllf=117.227]
