-- Model 0 YBCO_Gd7nm_HF
.probe
  .Aguide = Parameter(270, name='Aguide YBCO_Gd7nm_HF')
  .H = Parameter(0, name='H YBCO_Gd7nm_HF')
  .mm
    .back_absorption = Parameter(1, name='back_absorption YBCO_Gd7nm_HF')
    .background = Parameter(0, name='background YBCO_Gd7nm_HF')
    .intensity = Parameter(0.375704, name='intensity YBCO_Gd7nm_HF', bounds=(0.01,1.2))
    .theta_offset = Parameter(-0.00126343, name='theta_offset YBCO_Gd7nm_HF', bounds=(-0.01,0.01))
  .mp = None
  .pm = None
  .pp
    .back_absorption = Parameter(1, name='back_absorption YBCO_Gd7nm_HF')
    .background = Parameter(0, name='background YBCO_Gd7nm_HF')
    .intensity = Parameter(0.375704, name='intensity YBCO_Gd7nm_HF', bounds=(0.01,1.2))
    .theta_offset = Parameter(-0.00126343, name='theta_offset YBCO_Gd7nm_HF', bounds=(-0.01,0.01))
.sample
  .layers
    [0]
      .interface = Parameter(29.6571, name='STO interface', bounds=(1,40))
      .material
        .irho = Parameter(0, name='STO irho')
        .rho = Parameter(3.325, name='STO rho')
      .thickness = Parameter(100, name='STO thickness')
    [1]
      .interface = Parameter(60, name='YBCO1 interface', bounds=(5,60))
      .magnetism
        .dead_above = Parameter(0, name='YBCO1 deadM above')
        .dead_below = Parameter(1.72569, name='YBCO1 deadM below', bounds=(0,500))
        .interface_above = None
        .interface_below = Parameter(60, name='YBCO1 interface', bounds=(5,60))
        .rhoM = Parameter(-0.0628091, name='YBCO1 rhoM', bounds=(-0.3,0))
        .thetaM = Parameter(270, name='YBCO1 thetaM')
      .material
        .irho = Parameter(0, name='YBCO1 irho')
        .rho = Parameter(4.7334, name='YBCO1 rho', bounds=(3.5,5))
      .thickness = Parameter(421.39, name='YBCO1 thickness', bounds=(0,500))
    [2]
      .interface = Parameter(22.4031, name='YBCO2 interface', bounds=(5,60))
      .material
        .irho = Parameter(0, name='YBCO2 irho')
        .rho = Parameter(4.53675, name='YBCO2 rho', bounds=(2,5))
      .thickness = Parameter(687.182, name='YBCO2 thickness', bounds=(600,1200))
    [3]
      .interface = Parameter(40, name='GdO interface', bounds=(2,40))
      .magnetism
        .dead_above = Parameter(0, name='GdO deadM above')
        .dead_below = Parameter(0, name='GdO deadM below')
        .interface_above = None
        .interface_below = None
        .rhoM = Parameter(0.199964, name='GdO rhoM', bounds=(0,2))
        .thetaM = Parameter(270, name='GdO thetaM')
      .material
        .irho = Parameter(2.61912, name='GdO irho', bounds=(1,4))
        .rho = Parameter(3.04663, name='GdO rho', bounds=(1.5,5))
      .thickness = Parameter(105.556, name='GdO thickness', bounds=(2,120))
    [4]
      .interface = Parameter(52.7226, name='Au interface', bounds=(2,100))
      .material
        .irho = Parameter(0, name='Au irho')
        .rho = Parameter(4.45312, name='Au rho', bounds=(4.3,4.9))
      .thickness = Parameter(132.267, name='Au thickness', bounds=(2,200))
    [5]
      .interface = Parameter(300, name='Cap interface', bounds=(15,300))
      .material
        .irho = Parameter(0, name='Cap irho')
        .rho = Parameter(1.5, name='Cap rho', bounds=(0,1.5))
      .thickness = Parameter(1.00006, name='Cap thickness', bounds=(1,300))
    [6]
      .interface = Parameter(0, name='air interface')
      .material = None
      .thickness = Parameter(0, name='air thickness')
  .thickness = stack thickness:1447.4

[chisq=1.69(20), nllf=101.359]
[overall chisq=2.07(25), nllf=101.359]
